This is pdfTeX, Version 3.1415926-2.4-1.40.13 (TeX Live 2012/Debian) (format=pdflatex 2013.4.29)  16 JAN 2014 18:04
entering extended mode
 restricted \write18 enabled.
 %&-line parsing enabled.
**user-manual.tex
(./user-manual.tex
LaTeX2e <2011/06/27>
Babel <v3.8m> and hyphenation patterns for english, dumylang, nohyphenation, lo
aded.
\@input{definitions.aux}
\openout2 = `definitions.aux'.

(./definitions.tex (/usr/share/texlive/texmf-dist/tex/latex/base/book.cls
Document Class: book 2007/10/19 v1.4h Standard LaTeX document class
(/usr/share/texlive/texmf-dist/tex/latex/base/bk10.clo
File: bk10.clo 2007/10/19 v1.4h Standard LaTeX file (size option)
)
\c@part=\count79
\c@chapter=\count80
\c@section=\count81
\c@subsection=\count82
\c@subsubsection=\count83
\c@paragraph=\count84
\c@subparagraph=\count85
\c@figure=\count86
\c@table=\count87
\abovecaptionskip=\skip41
\belowcaptionskip=\skip42
\bibindent=\dimen102
)
(/usr/share/texlive/texmf-dist/tex/latex/ntgclass/a4.sty
Package: a4 2004/04/15 v1.2g A4 based page layout
)
(/usr/share/texlive/texmf-dist/tex/latex/amsmath/amsmath.sty
Package: amsmath 2000/07/18 v2.13 AMS math features
\@mathmargin=\skip43

For additional information on amsmath, use the `?' option.
(/usr/share/texlive/texmf-dist/tex/latex/amsmath/amstext.sty
Package: amstext 2000/06/29 v2.01

(/usr/share/texlive/texmf-dist/tex/latex/amsmath/amsgen.sty
File: amsgen.sty 1999/11/30 v2.0
\@emptytoks=\toks14
\ex@=\dimen103
))
(/usr/share/texlive/texmf-dist/tex/latex/amsmath/amsbsy.sty
Package: amsbsy 1999/11/29 v1.2d
\pmbraise@=\dimen104
)
(/usr/share/texlive/texmf-dist/tex/latex/amsmath/amsopn.sty
Package: amsopn 1999/12/14 v2.01 operator names
)
\inf@bad=\count88
LaTeX Info: Redefining \frac on input line 211.
\uproot@=\count89
\leftroot@=\count90
LaTeX Info: Redefining \overline on input line 307.
\classnum@=\count91
\DOTSCASE@=\count92
LaTeX Info: Redefining \ldots on input line 379.
LaTeX Info: Redefining \dots on input line 382.
LaTeX Info: Redefining \cdots on input line 467.
\Mathstrutbox@=\box26
\strutbox@=\box27
\big@size=\dimen105
LaTeX Font Info:    Redeclaring font encoding OML on input line 567.
LaTeX Font Info:    Redeclaring font encoding OMS on input line 568.
\macc@depth=\count93
\c@MaxMatrixCols=\count94
\dotsspace@=\muskip10
\c@parentequation=\count95
\dspbrk@lvl=\count96
\tag@help=\toks15
\row@=\count97
\column@=\count98
\maxfields@=\count99
\andhelp@=\toks16
\eqnshift@=\dimen106
\alignsep@=\dimen107
\tagshift@=\dimen108
\tagwidth@=\dimen109
\totwidth@=\dimen110
\lineht@=\dimen111
\@envbody=\toks17
\multlinegap=\skip44
\multlinetaggap=\skip45
\mathdisplay@stack=\toks18
LaTeX Info: Redefining \[ on input line 2666.
LaTeX Info: Redefining \] on input line 2667.
)
(/usr/share/texlive/texmf-dist/tex/latex/amsfonts/amssymb.sty
Package: amssymb 2009/06/22 v3.00

(/usr/share/texlive/texmf-dist/tex/latex/amsfonts/amsfonts.sty
Package: amsfonts 2009/06/22 v3.00 Basic AMSFonts support
\symAMSa=\mathgroup4
\symAMSb=\mathgroup5
LaTeX Font Info:    Overwriting math alphabet `\mathfrak' in version `bold'
(Font)                  U/euf/m/n --> U/euf/b/n on input line 96.
))
(/usr/share/texlive/texmf-dist/tex/latex/base/makeidx.sty
Package: makeidx 2000/03/29 v1.0m Standard LaTeX package
)
(/usr/share/texlive/texmf-dist/tex/latex/graphics/graphicx.sty
Package: graphicx 1999/02/16 v1.0f Enhanced LaTeX Graphics (DPC,SPQR)

(/usr/share/texlive/texmf-dist/tex/latex/graphics/keyval.sty
Package: keyval 1999/03/16 v1.13 key=value parser (DPC)
\KV@toks@=\toks19
)
(/usr/share/texlive/texmf-dist/tex/latex/graphics/graphics.sty
Package: graphics 2009/02/05 v1.0o Standard LaTeX Graphics (DPC,SPQR)

(/usr/share/texlive/texmf-dist/tex/latex/graphics/trig.sty
Package: trig 1999/03/16 v1.09 sin cos tan (DPC)
)
(/usr/share/texlive/texmf-dist/tex/latex/latexconfig/graphics.cfg
File: graphics.cfg 2010/04/23 v1.9 graphics configuration of TeX Live
)
Package graphics Info: Driver file: pdftex.def on input line 91.

(/usr/share/texlive/texmf-dist/tex/latex/pdftex-def/pdftex.def
File: pdftex.def 2011/05/27 v0.06d Graphics/color for pdfTeX

(/usr/share/texlive/texmf-dist/tex/generic/oberdiek/infwarerr.sty
Package: infwarerr 2010/04/08 v1.3 Providing info/warning/error messages (HO)
)
(/usr/share/texlive/texmf-dist/tex/generic/oberdiek/ltxcmds.sty
Package: ltxcmds 2011/11/09 v1.22 LaTeX kernel commands for general use (HO)
)
\Gread@gobject=\count100
))
\Gin@req@height=\dimen112
\Gin@req@width=\dimen113
)
(/usr/share/texlive/texmf-dist/tex/latex/graphics/color.sty
Package: color 2005/11/14 v1.0j Standard LaTeX Color (DPC)

(/usr/share/texlive/texmf-dist/tex/latex/latexconfig/color.cfg
File: color.cfg 2007/01/18 v1.5 color configuration of teTeX/TeXLive
)
Package color Info: Driver file: pdftex.def on input line 130.
)
(/usr/share/texlive/texmf-dist/tex/latex/tools/multicol.sty
Package: multicol 2011/06/27 v1.7a multicolumn formatting (FMi)
\c@tracingmulticols=\count101
\mult@box=\box28
\multicol@leftmargin=\dimen114
\c@unbalance=\count102
\c@collectmore=\count103
\doublecol@number=\count104
\multicoltolerance=\count105
\multicolpretolerance=\count106
\full@width=\dimen115
\page@free=\dimen116
\premulticols=\dimen117
\postmulticols=\dimen118
\multicolsep=\skip46
\multicolbaselineskip=\skip47
\partial@page=\box29
\last@line=\box30
\mult@rightbox=\box31
\mult@grightbox=\box32
\mult@gfirstbox=\box33
\mult@firstbox=\box34
\@tempa=\box35
\@tempa=\box36
\@tempa=\box37
\@tempa=\box38
\@tempa=\box39
\@tempa=\box40
\@tempa=\box41
\@tempa=\box42
\@tempa=\box43
\@tempa=\box44
\@tempa=\box45
\@tempa=\box46
\@tempa=\box47
\@tempa=\box48
\@tempa=\box49
\@tempa=\box50
\@tempa=\box51
\c@columnbadness=\count107
\c@finalcolumnbadness=\count108
\last@try=\dimen119
\multicolovershoot=\dimen120
\multicolundershoot=\dimen121
\mult@nat@firstbox=\box52
\colbreak@box=\box53
\multicol@sort@counter=\count109
)
(/usr/share/texlive/texmf-dist/tex/latex/psnfss/pifont.sty
Package: pifont 2005/04/12 PSNFSS-v9.2a Pi font support (SPQR) 
LaTeX Font Info:    Try loading font information for U+pzd on input line 63.

(/usr/share/texlive/texmf-dist/tex/latex/psnfss/upzd.fd
File: upzd.fd 2001/06/04 font definitions for U/pzd.
)
LaTeX Font Info:    Try loading font information for U+psy on input line 64.

(/usr/share/texlive/texmf-dist/tex/latex/psnfss/upsy.fd
File: upsy.fd 2001/06/04 font definitions for U/psy.
))
(/usr/share/texlive/texmf-dist/tex/latex/url/url.sty
\Urlmuskip=\muskip11
Package: url 2006/04/12  ver 3.3  Verb mode for urls, etc.
)
(/usr/share/texlive/texmf-dist/tex/latex/titlesec/titlesec.sty
Package: titlesec 2011/12/15 v2.10.0 Sectioning titles
\ttl@box=\box54
\beforetitleunit=\skip48
\aftertitleunit=\skip49
\ttl@plus=\dimen122
\ttl@minus=\dimen123
\ttl@toksa=\toks20
\titlewidth=\dimen124
\titlewidthlast=\dimen125
\titlewidthfirst=\dimen126
)
(/usr/share/texlive/texmf-dist/tex/latex/titlesec/titletoc.sty
Package: titletoc 2011/12/15 v1.6 TOC entries
\ttl@leftsep=\dimen127
)
(/usr/share/texlive/texmf-dist/tex/latex/cite/cite.sty
LaTeX Info: Redefining \cite on input line 302.
LaTeX Info: Redefining \nocite on input line 373.
Package: cite 2010/09/10  v 5.3
)
(/usr/share/texlive/texmf-dist/tex/latex/carlisle/scalefnt.sty)
(/usr/share/texlive/texmf-dist/tex/latex/fancyhdr/fancyhdr.sty
\fancy@headwidth=\skip50
\f@ncyO@elh=\skip51
\f@ncyO@erh=\skip52
\f@ncyO@olh=\skip53
\f@ncyO@orh=\skip54
\f@ncyO@elf=\skip55
\f@ncyO@erf=\skip56
\f@ncyO@olf=\skip57
\f@ncyO@orf=\skip58
)
(/usr/share/texlive/texmf-dist/tex/latex/wrapfig/wrapfig.sty
\wrapoverhang=\dimen128
\WF@size=\dimen129
\c@WF@wrappedlines=\count110
\WF@box=\box55
\WF@everypar=\toks21
Package: wrapfig 2003/01/31  v 3.6
)
(/usr/share/texlive/texmf-dist/tex/latex/psnfss/charter.sty
Package: charter 2005/04/12 PSNFSS-v9.2a (P.Dyballa) 
)
(/usr/share/texlive/texmf-dist/tex/generic/babel/babel.sty
Package: babel 2008/07/08 v3.8m The Babel package

(/usr/share/texlive/texmf-dist/tex/generic/babel/english.ldf
Language: english 2005/03/30 v3.3o English support from the babel system

(/usr/share/texlive/texmf-dist/tex/generic/babel/babel.def
File: babel.def 2008/07/08 v3.8m Babel common definitions
\babel@savecnt=\count111
\U@D=\dimen130
)
\l@british = a dialect from \language\l@english 
\l@UKenglish = a dialect from \language\l@english 
\l@canadian = a dialect from \language\l@american 
\l@australian = a dialect from \language\l@british 
\l@newzealand = a dialect from \language\l@british 
))
(/usr/share/texlive/texmf-dist/tex/latex/graphics/lscape.sty
Package: lscape 2000/10/22 v3.01 Landscape Pages (DPC)
)
(/usr/share/texlive/texmf-dist/tex/latex/hyperref/hyperref.sty
Package: hyperref 2012/05/13 v6.82q Hypertext links for LaTeX

(/usr/share/texlive/texmf-dist/tex/generic/oberdiek/hobsub-hyperref.sty
Package: hobsub-hyperref 2012/05/28 v1.13 Bundle oberdiek, subset hyperref (HO)


(/usr/share/texlive/texmf-dist/tex/generic/oberdiek/hobsub-generic.sty
Package: hobsub-generic 2012/05/28 v1.13 Bundle oberdiek, subset generic (HO)
Package: hobsub 2012/05/28 v1.13 Construct package bundles (HO)
Package hobsub Info: Skipping package `infwarerr' (already loaded).
Package hobsub Info: Skipping package `ltxcmds' (already loaded).
Package: ifluatex 2010/03/01 v1.3 Provides the ifluatex switch (HO)
Package ifluatex Info: LuaTeX not detected.
Package: ifvtex 2010/03/01 v1.5 Detect VTeX and its facilities (HO)
Package ifvtex Info: VTeX not detected.
Package: intcalc 2007/09/27 v1.1 Expandable calculations with integers (HO)
Package: ifpdf 2011/01/30 v2.3 Provides the ifpdf switch (HO)
Package ifpdf Info: pdfTeX in PDF mode is detected.
Package: etexcmds 2011/02/16 v1.5 Avoid name clashes with e-TeX commands (HO)
Package etexcmds Info: Could not find \expanded.
(etexcmds)             That can mean that you are not using pdfTeX 1.50 or
(etexcmds)             that some package has redefined \expanded.
(etexcmds)             In the latter case, load this package earlier.
Package: kvsetkeys 2012/04/25 v1.16 Key value parser (HO)
Package: kvdefinekeys 2011/04/07 v1.3 Define keys (HO)
Package: pdftexcmds 2011/11/29 v0.20 Utility functions of pdfTeX for LuaTeX (HO
)
Package pdftexcmds Info: LuaTeX not detected.
Package pdftexcmds Info: \pdf@primitive is available.
Package pdftexcmds Info: \pdf@ifprimitive is available.
Package pdftexcmds Info: \pdfdraftmode found.
Package: pdfescape 2011/11/25 v1.13 Implements pdfTeX's escape features (HO)
Package: bigintcalc 2012/04/08 v1.3 Expandable calculations on big integers (HO
)
Package: bitset 2011/01/30 v1.1 Handle bit-vector datatype (HO)
Package: uniquecounter 2011/01/30 v1.2 Provide unlimited unique counter (HO)
)
Package hobsub Info: Skipping package `hobsub' (already loaded).
Package: letltxmacro 2010/09/02 v1.4 Let assignment for LaTeX macros (HO)
Package: hopatch 2012/05/28 v1.2 Wrapper for package hooks (HO)
Package: xcolor-patch 2011/01/30 xcolor patch
Package: atveryend 2011/06/30 v1.8 Hooks at the very end of document (HO)
Package atveryend Info: \enddocument detected (standard20110627).
Package: atbegshi 2011/10/05 v1.16 At begin shipout hook (HO)
Package: refcount 2011/10/16 v3.4 Data extraction from label references (HO)
Package: hycolor 2011/01/30 v1.7 Color options for hyperref/bookmark (HO)
)
(/usr/share/texlive/texmf-dist/tex/generic/ifxetex/ifxetex.sty
Package: ifxetex 2010/09/12 v0.6 Provides ifxetex conditional
)
(/usr/share/texlive/texmf-dist/tex/latex/oberdiek/kvoptions.sty
Package: kvoptions 2011/06/30 v3.11 Key value format for package options (HO)
)
\@linkdim=\dimen131
\Hy@linkcounter=\count112
\Hy@pagecounter=\count113

(/usr/share/texlive/texmf-dist/tex/latex/hyperref/pd1enc.def
File: pd1enc.def 2012/05/13 v6.82q Hyperref: PDFDocEncoding definition (HO)
)
\Hy@SavedSpaceFactor=\count114

(/usr/share/texlive/texmf-dist/tex/latex/latexconfig/hyperref.cfg
File: hyperref.cfg 2002/06/06 v1.2 hyperref configuration of TeXLive
)
Package hyperref Info: Hyper figures OFF on input line 4062.
Package hyperref Info: Link nesting OFF on input line 4067.
Package hyperref Info: Hyper index ON on input line 4070.
Package hyperref Info: Plain pages OFF on input line 4077.
Package hyperref Info: Backreferencing OFF on input line 4082.
Package hyperref Info: Implicit mode ON; LaTeX internals redefined.
Package hyperref Info: Bookmarks ON on input line 4300.
\c@Hy@tempcnt=\count115
LaTeX Info: Redefining \url on input line 4653.
\Fld@menulength=\count116
\Field@Width=\dimen132
\Fld@charsize=\dimen133
Package hyperref Info: Hyper figures OFF on input line 5773.
Package hyperref Info: Link nesting OFF on input line 5778.
Package hyperref Info: Hyper index ON on input line 5781.
Package hyperref Info: backreferencing OFF on input line 5788.
Package hyperref Info: Link coloring OFF on input line 5793.
Package hyperref Info: Link coloring with OCG OFF on input line 5798.
Package hyperref Info: PDF/A mode OFF on input line 5803.
LaTeX Info: Redefining \ref on input line 5843.
LaTeX Info: Redefining \pageref on input line 5847.
\Hy@abspage=\count117
\c@Item=\count118
\c@Hfootnote=\count119
)

Package hyperref Message: Driver (autodetected): hpdftex.

(/usr/share/texlive/texmf-dist/tex/latex/hyperref/hpdftex.def
File: hpdftex.def 2012/05/13 v6.82q Hyperref driver for pdfTeX
\Fld@listcount=\count120
\c@bookmark@seq@number=\count121

(/usr/share/texlive/texmf-dist/tex/latex/oberdiek/rerunfilecheck.sty
Package: rerunfilecheck 2011/04/15 v1.7 Rerun checks for auxiliary files (HO)
Package uniquecounter Info: New unique counter `rerunfilecheck' on input line 2
82.
)
\Hy@SectionHShift=\skip59
)
(/usr/share/texlive/texmf-dist/tex/latex/listings/listings.sty
\lst@mode=\count122
\lst@gtempboxa=\box56
\lst@token=\toks22
\lst@length=\count123
\lst@currlwidth=\dimen134
\lst@column=\count124
\lst@pos=\count125
\lst@lostspace=\dimen135
\lst@width=\dimen136
\lst@newlines=\count126
\lst@lineno=\count127
\lst@maxwidth=\dimen137

(/usr/share/texlive/texmf-dist/tex/latex/listings/lstmisc.sty
File: lstmisc.sty 2007/02/22 1.4 (Carsten Heinz)
\c@lstnumber=\count128
\lst@skipnumbers=\count129
\lst@framebox=\box57
)
(/usr/share/texlive/texmf-dist/tex/latex/listings/listings.cfg
File: listings.cfg 2007/02/22 1.4 listings configuration
))
Package: listings 2007/02/22 1.4 (Carsten Heinz)
Package hyperref Info: Option `colorlinks' set `true' on input line 29.


Package hyperref Warning: Option `pdftex' has already been used,
(hyperref)                setting the option has no effect on input line 29.

Package hyperref Info: Option `breaklinks' set `true' on input line 29.
(/usr/share/texlive/texmf-dist/tex/latex/listings/lstlang1.sty
File: lstlang1.sty 2004/09/05 1.3 listings language file
)
(/usr/share/texlive/texmf-dist/tex/latex/listings/lstlang1.sty
File: lstlang1.sty 2004/09/05 1.3 listings language file
)
(/usr/share/texlive/texmf-dist/tex/latex/subfigure/subfigure.sty
Package: subfigure 2002/03/15 v2.1.5 subfigure package
\subfigtopskip=\skip60
\subfigcapskip=\skip61
\subfigcaptopadj=\dimen138
\subfigbottomskip=\skip62
\subfigcapmargin=\dimen139
\subfiglabelskip=\skip63
\c@subfigure=\count130
\c@lofdepth=\count131
\c@subtable=\count132
\c@lotdepth=\count133

****************************************
* Local config file subfigure.cfg used *
****************************************
(/usr/share/texlive/texmf-dist/tex/latex/subfigure/subfigure.cfg)
\subfig@top=\skip64
\subfig@bottom=\skip65
)
(/usr/share/texlive/texmf-dist/tex/latex/caption/caption.sty
Package: caption 2012/02/19 v3.2f Customizing captions (AR)

(/usr/share/texlive/texmf-dist/tex/latex/caption/caption3.sty
Package: caption3 2012/01/12 v1.4b caption3 kernel (AR)
\captionmargin=\dimen140
\captionmargin@=\dimen141
\captionwidth=\dimen142
\caption@indent=\dimen143
\caption@parindent=\dimen144
\caption@hangindent=\dimen145
)
\c@ContinuedFloat=\count134
Package caption Info: hyperref package is loaded.
Package caption Info: listings package is loaded.
Package caption Info: subfigure package is loaded.
Package caption Info: wrapfig package is loaded.
))
(./user-manual.aux)
\openout1 = `user-manual.aux'.

LaTeX Font Info:    Checking defaults for OML/cmm/m/it on input line 9.
LaTeX Font Info:    ... okay on input line 9.
LaTeX Font Info:    Checking defaults for T1/cmr/m/n on input line 9.
LaTeX Font Info:    ... okay on input line 9.
LaTeX Font Info:    Checking defaults for OT1/cmr/m/n on input line 9.
LaTeX Font Info:    ... okay on input line 9.
LaTeX Font Info:    Checking defaults for OMS/cmsy/m/n on input line 9.
LaTeX Font Info:    ... okay on input line 9.
LaTeX Font Info:    Checking defaults for OMX/cmex/m/n on input line 9.
LaTeX Font Info:    ... okay on input line 9.
LaTeX Font Info:    Checking defaults for U/cmr/m/n on input line 9.
LaTeX Font Info:    ... okay on input line 9.
LaTeX Font Info:    Checking defaults for PD1/pdf/m/n on input line 9.
LaTeX Font Info:    ... okay on input line 9.
LaTeX Font Info:    Try loading font information for OT1+bch on input line 9.
 (/usr/share/texlive/texmf-dist/tex/latex/psnfss/ot1bch.fd
File: ot1bch.fd 2004/10/18 font definitions for OT1/bch.
)
(/usr/share/texlive/texmf-dist/tex/context/base/supp-pdf.mkii
[Loading MPS to PDF converter (version 2006.09.02).]
\scratchcounter=\count135
\scratchdimen=\dimen146
\scratchbox=\box58
\nofMPsegments=\count136
\nofMParguments=\count137
\everyMPshowfont=\toks23
\MPscratchCnt=\count138
\MPscratchDim=\dimen147
\MPnumerator=\count139
\makeMPintoPDFobject=\count140
\everyMPtoPDFconversion=\toks24
) (/usr/share/texlive/texmf-dist/tex/latex/oberdiek/epstopdf-base.sty
Package: epstopdf-base 2010/02/09 v2.5 Base part for package epstopdf

(/usr/share/texlive/texmf-dist/tex/latex/oberdiek/grfext.sty
Package: grfext 2010/08/19 v1.1 Manage graphics extensions (HO)
)
Package grfext Info: Graphics extension search list:
(grfext)             [.png,.pdf,.jpg,.mps,.jpeg,.jbig2,.jb2,.PNG,.PDF,.JPG,.JPE
G,.JBIG2,.JB2,.eps]
(grfext)             \AppendGraphicsExtensions on input line 452.

(/usr/share/texlive/texmf-dist/tex/latex/latexconfig/epstopdf-sys.cfg
File: epstopdf-sys.cfg 2010/07/13 v1.3 Configuration of (r)epstopdf for TeX Liv
e
))
\AtBeginShipoutBox=\box59
Package hyperref Info: Link coloring ON on input line 9.

(/usr/share/texlive/texmf-dist/tex/latex/hyperref/nameref.sty
Package: nameref 2010/04/30 v2.40 Cross-referencing by name of section

(/usr/share/texlive/texmf-dist/tex/generic/oberdiek/gettitlestring.sty
Package: gettitlestring 2010/12/03 v1.4 Cleanup title references (HO)
)
\c@section@level=\count141
)
LaTeX Info: Redefining \ref on input line 9.
LaTeX Info: Redefining \pageref on input line 9.
LaTeX Info: Redefining \nameref on input line 9.

(./user-manual.out) (./user-manual.out)
\@outlinefile=\write3
\openout3 = `user-manual.out'.

\c@lstlisting=\count142
Package caption Info: Begin \AtBeginDocument code.
Package caption Info: End \AtBeginDocument code.

<fig/header.pdf, id=221, 493.07925pt x 110.87764pt>
File: fig/header.pdf Graphic file (type pdf)
 <use fig/header.pdf>
Package pdftex.def Info: fig/header.pdf used on input line 11.
(pdftex.def)             Requested size: 493.07805pt x 110.87735pt.


LaTeX Font Warning: Font shape `OT1/cmss/m/it' in size <14.4> not available
(Font)              Font shape `OT1/cmss/m/sl' tried instead on input line 11.


Overfull \hbox (103.80464pt too wide) in paragraph at lines 11--11
| [] |  [] 
 []

<fig/simsparklogo.pdf, id=222, 79.42052pt x 79.53584pt>
File: fig/simsparklogo.pdf Graphic file (type pdf)

<use fig/simsparklogo.pdf>
Package pdftex.def Info: fig/simsparklogo.pdf used on input line 11.
(pdftex.def)             Requested size: 455.24408pt x 455.98517pt.

Overfull \hbox (108.7106pt too wide) in paragraph at lines 11--11
[]|  [] 
 []


Overfull \hbox (15.0pt too wide) in paragraph at lines 11--11
[][] 
 []

[1




{/var/lib/texmf/fonts/map/pdftex/updmap/pdftex.map} <./fig/header.pdf> <./fig/s
imsparklogo.pdf>] [2

]

LaTeX Font Warning: Font shape `OT1/cmss/m/n' in size <23.85088> not available
(Font)              size <24.88> substituted on input line 21.

(./user-manual.toc

LaTeX Font Warning: Font shape `OT1/cmss/b/n' undefined
(Font)              using `OT1/cmss/m/n' instead on input line 52.

[1


])
\tf@toc=\write4
\openout4 = `user-manual.toc'.

 [2] (./introduction.tex
Chapter 1.
LaTeX Font Info:    Try loading font information for T1+pag on input line 3.
(/usr/share/texlive/texmf-dist/tex/latex/psnfss/t1pag.fd
File: t1pag.fd 2001/06/04 font definitions for T1/pag.
)pdfTeX warning (ext4): destination with the same identifier (name{page.1}) has
 been already used, duplicate ignored
<to be read again> 
                   \relax 
l.58 
      [1


]
LaTeX Font Info:    Try loading font information for U+msa on input line 74.
 (/usr/share/texlive/texmf-dist/tex/latex/amsfonts/umsa.fd
File: umsa.fd 2009/06/22 v3.00 AMS symbols A
)
LaTeX Font Info:    Try loading font information for U+msb on input line 74.

(/usr/share/texlive/texmf-dist/tex/latex/amsfonts/umsb.fd
File: umsb.fd 2009/06/22 v3.00 AMS symbols B
)) (./overview.texpdfTeX warning (ext4): destination with the same identifier (
name{page.2}) has been already used, duplicate ignored
<to be read again> 
                   \relax 
l.1  \chapter
             {System Overview} [2]
Chapter 2.
[3

]) (./gettingstarted.tex [4]
Chapter 3.

Underfull \hbox (badness 6859) in paragraph at lines 11--11
[][][]\OT1/bch/m/n/8 For more guides please visit Simspark Wiki: [][]$\OT1/cmtt
/m/n/8 http : / / simspark . sourceforge . net / wiki / index . php /
 []

[5

]
Overfull \hbox (48.08406pt too wide) in paragraph at lines 68--69
[]\OT1/cmtt/m/n/10 $ sudo apt-get install g++ subversion cmake libfreetype6-dev
 libode0-dev libsdl-dev
 []


Overfull \hbox (53.33401pt too wide) in paragraph at lines 68--69
\OT1/cmtt/m/n/10 ruby1.8 ruby1.8-dev libdevil-dev libboost-dev libboost-thread-
dev libboost-regex-dev 
 []

LaTeX Font Info:    Try loading font information for OMS+bch on input line 80.
(/usr/share/texlive/texmf-dist/tex/latex/psnfss/omsbch.fd
File: omsbch.fd 
)
LaTeX Font Info:    Font shape `OMS/bch/m/n' in size <10> not available
(Font)              Font shape `OMS/cmsy/m/n' tried instead on input line 80.

Overfull \hbox (11.77542pt too wide) in paragraph at lines 114--116
[]\OT1/cmtt/m/n/10 -DCMAKE[]INSTALL[]PREFIX:PATH=/some/path \OT1/bch/m/n/10 de-
fines the path where the \OT1/cmtt/m/n/10 make install
 []

[6]
Overfull \hbox (14.44456pt too wide) in paragraph at lines 165--167
[]\OT1/cmtt/m/n/10 $ sudo apt-get install tetex-extra latex2html imagemagick $ 
sudo ldconfig 
 []

[7]
Missing character: There is no Ô in font cmtt10!
Missing character: There is no ø in font cmtt10!
Missing character: There is no Ω in font cmtt10!
 <fig/startup.png, id=450, 807.015pt x 628.3475pt>
File: fig/startup.png Graphic file (type png)
 <use fig/startup.png>
Package pdftex.def Info: fig/startup.png used on input line 268.
(pdftex.def)             Requested size: 330.13098pt x 257.03928pt.

<fig/press3.png, id=451, 807.015pt x 628.3475pt>
File: fig/press3.png Graphic file (type png)
 <use fig/press3.png>
Package pdftex.def Info: fig/press3.png used on input line 276.
(pdftex.def)             Requested size: 330.13098pt x 257.03928pt.

<fig/agentconnect.png, id=453, 807.015pt x 628.3475pt>
File: fig/agentconnect.png Graphic file (type png)

<use fig/agentconnect.png>
Package pdftex.def Info: fig/agentconnect.png used on input line 294.
(pdftex.def)             Requested size: 330.13098pt x 257.03928pt.

<fig/movearound.png, id=454, 807.015pt x 628.3475pt>
File: fig/movearound.png Graphic file (type png)
 <use fig/movearound.png>
Package pdftex.def Info: fig/movearound.png used on input line 302.
(pdftex.def)             Requested size: 330.13098pt x 257.03928pt.

[8] [9 <./fig/startup.png> <./fig/press3.png>] [10 <./fig/agentconnect.png> <./
fig/movearound.png>] <fig/presskickoff.png, id=474, 807.015pt x 628.3475pt>
File: fig/presskickoff.png Graphic file (type png)

<use fig/presskickoff.png>
Package pdftex.def Info: fig/presskickoff.png used on input line 318.
(pdftex.def)             Requested size: 330.13098pt x 257.03928pt.
) (./simspark.tex [11 <./fig/presskickoff.png>]
[12

]
Chapter 4.
[13] <fig/HingeJoint.png, id=496, 301.125pt x 225.84375pt>
File: fig/HingeJoint.png Graphic file (type png)

<use fig/HingeJoint.png>
Package pdftex.def Info: fig/HingeJoint.png used on input line 83.
(pdftex.def)             Requested size: 180.67638pt x 135.50728pt.

<fig/UniversalJoint.png, id=501, 301.125pt x 225.84375pt>
File: fig/UniversalJoint.png Graphic file (type png)

<use fig/UniversalJoint.png>
Package pdftex.def Info: fig/UniversalJoint.png used on input line 120.
(pdftex.def)             Requested size: 180.67638pt x 135.50728pt.
 [14 <./fig/HingeJoint.png (PNG copy)>] [15 <./fig/UniversalJoint.png (PNG copy
)>]
<fig/agent_vision.pdf, id=529, 254.18086pt x 83.09749pt>
File: fig/agent_vision.pdf Graphic file (type pdf)

<use fig/agent_vision.pdf>
Package pdftex.def Info: fig/agent_vision.pdf used on input line 295.
(pdftex.def)             Requested size: 355.85075pt x 116.33566pt.
 [16]
Overfull \hbox (16.58434pt too wide) in paragraph at lines 365--366
[]\OT1/cmtt/m/n/10 (See (G2R (pol 17.55 -3.33 4.31)) (G1R (pol 17.52 3.27 4.07)
) (F1R (pol 18.52
 []


Overfull \hbox (21.83429pt too wide) in paragraph at lines 365--366
\OT1/cmtt/m/n/10 18.94 1.54)) (F2R (pol 18.52 -18.91 1.52)) (B (pol 8.51 -0.21 
-0.17)) (P (team
 []


Overfull \hbox (32.3342pt too wide) in paragraph at lines 365--366
\OT1/cmtt/m/n/10 teamRed) (id 1) (head (pol 16.98 -0.21 3.19)) (rlowerarm (pol 
16.83 -0.06 2.80))
 []


Overfull \hbox (11.33438pt too wide) in paragraph at lines 365--366
\OT1/cmtt/m/n/10 (llowerarm (pol 16.86 -0.36 3.10)) (rfoot (pol 17.00 0.29 1.68
)) (lfoot (pol
 []


Overfull \hbox (42.8341pt too wide) in paragraph at lines 365--366
\OT1/cmtt/m/n/10 16.95 -0.51 1.32))) (P (team teamBlue) (id 3) (rlowerarm (pol 
0.18 -33.55 -20.16))
 []

[17 <./fig/agent_vision.pdf>] [18] [19] [20] [21] [22] [23]
<fig/serverSingleThreadLoop.pdf, id=599, 226.8475pt x 492.84125pt>
File: fig/serverSingleThreadLoop.pdf Graphic file (type pdf)

<use fig/serverSingleThreadLoop.pdf>
Package pdftex.def Info: fig/serverSingleThreadLoop.pdf used on input line 923.

(pdftex.def)             Requested size: 178.24182pt x 387.22627pt.

<fig/synchronization.pdf, id=600, 329.23pt x 116.435pt>
File: fig/synchronization.pdf Graphic file (type pdf)

<use fig/synchronization.pdf>
Package pdftex.def Info: fig/synchronization.pdf used on input line 930.
(pdftex.def)             Requested size: 330.13098pt x 116.75627pt.

Overfull \hbox (4.53429pt too wide) in paragraph at lines 943--950
\OT1/cmtt/m/n/10 simulationServer.setMultiThreads(false) \OT1/bch/m/n/10 to \OT
1/cmtt/m/n/10 simulationServer.setMultiThreads(true)
 []

<fig/serverMultiThreadLoop.pdf, id=602, 248.93pt x 305.14pt>
File: fig/serverMultiThreadLoop.pdf Graphic file (type pdf)

<use fig/serverMultiThreadLoop.pdf>
Package pdftex.def Info: fig/serverMultiThreadLoop.pdf used on input line 965.
(pdftex.def)             Requested size: 263.25299pt x 322.68527pt.
) (./rcssmonitor3d.tex [24] [25 <./fig/serverSingleThreadLoop.pdf> <./fig/synch
ronization.pdf>] [26 <./fig/serverMultiThreadLoop.pdf>]
Chapter 5.

Package caption Warning: \label without proper \caption on input line 35.
See the caption package documentation for explanation.


LaTeX Warning: Reference `table:rcssmonitor3d' on page 27 undefined on input li
ne 84.

) (./rcssagent3d.tex [27

] [28]
Chapter 6.

Overfull \hbox (5.47621pt too wide) in paragraph at lines 27--31
\OT1/bch/m/n/10 The dif-fer-ent Be-hav-iors of Rc-ssagent3D are en-cap-su-lated
 in classes that de-rive from the \OT1/cmtt/m/n/10 Behavior
 []

) (./simulations.tex [29

] [30

]
Chapter 7.

Underfull \hbox (badness 10000) in paragraph at lines 3--5

 []


Underfull \hbox (badness 10000) in paragraph at lines 41--44

 []


Underfull \hbox (badness 10000) in paragraph at lines 45--51

 []

<fig/soccersim.png, id=653, 1031.855pt x 796.9775pt>
File: fig/soccersim.png Graphic file (type png)
 <use fig/soccersim.png>
Package pdftex.def Info: fig/soccersim.png used on input line 54.
(pdftex.def)             Requested size: 412.66217pt x 318.72453pt.

Underfull \vbox (badness 1354) has occurred while \output is active []

 [31]
[32 <./fig/soccersim.png>] <fig/pitch2.pdf, id=671, 347.406pt x 241.40968pt>
File: fig/pitch2.pdf Graphic file (type pdf)

<use fig/pitch2.pdf>
Package pdftex.def Info: fig/pitch2.pdf used on input line 86.
(pdftex.def)             Requested size: 412.66217pt x 286.7801pt.
 [33 <./fig/pitch2.pdf>]) (./robots.tex [34]
Chapter 8.

Underfull \hbox (badness 10000) in paragraph at lines 9--10

 []

<fig/soccerbotfront.png, id=686, 338.26375pt x 371.3875pt>
File: fig/soccerbotfront.png Graphic file (type png)

<use fig/soccerbotfront.png>
Package pdftex.def Info: fig/soccerbotfront.png used on input line 27.
(pdftex.def)             Requested size: 170.71652pt x 187.43869pt.

<fig/soccerbotside.png, id=687, 332.24126pt x 371.3875pt>
File: fig/soccerbotside.png Graphic file (type png)

<use fig/soccerbotside.png>
Package pdftex.def Info: fig/soccerbotside.png used on input line 33.
(pdftex.def)             Requested size: 170.71652pt x 190.83318pt.

Overfull \hbox (18.44637pt too wide) in paragraph at lines 25--36
[][]   [] 
 []

<fig/soccerbot056.pdf, id=696, 226.8475pt x 475.7775pt>
File: fig/soccerbot056.pdf Graphic file (type pdf)

<use fig/soccerbot056.pdf>
Package pdftex.def Info: fig/soccerbot056.pdf used on input line 60.
(pdftex.def)             Requested size: 118.05482pt x 247.59981pt.
 [35

] [36 <./fig/soccerbotfront.png> <./fig/soccerbotside.png> <./fig/soccerbot056.
pdf>]
<fig/realNao.png, id=727, 281.05pt x 183.68625pt>
File: fig/realNao.png Graphic file (type png)
 <use fig/realNao.png>
Package pdftex.def Info: fig/realNao.png used on input line 185.
(pdftex.def)             Requested size: 217.68712pt x 142.26378pt.

<fig/virtualNao.png, id=728, 622.325pt x 490.83376pt>
File: fig/virtualNao.png Graphic file (type png)
 <use fig/virtualNao.png>
Package pdftex.def Info: fig/virtualNao.png used on input line 188.
(pdftex.def)             Requested size: 180.37466pt x 142.26378pt.

Underfull \vbox (badness 10000) has occurred while \output is active []

 [37]
Underfull \vbox (badness 10000) has occurred while \output is active []

 [38 <./fig/realNao.png> <./fig/virtualNao.png>]
<fig/nao_joints_DH.pdf, id=778, 402.95741pt x 527.60835pt>
File: fig/nao_joints_DH.pdf Graphic file (type pdf)

<use fig/nao_joints_DH.pdf>
Package pdftex.def Info: fig/nao_joints_DH.pdf used on input line 274.
(pdftex.def)             Requested size: 412.66217pt x 540.33511pt.
 [39] [40 <./fig/nao_joints_DH.pdf>] [41]
<fig/nao_boxmodel.pdf, id=863, 244.68832pt x 286.51527pt>
File: fig/nao_boxmodel.pdf Graphic file (type pdf)

<use fig/nao_boxmodel.pdf>
Package pdftex.def Info: fig/nao_boxmodel.pdf used on input line 348.
(pdftex.def)             Requested size: 412.66217pt x 483.2004pt.
 [42 <./fig/nao_boxmodel.pdf>] [43]
Missing character: There is no ‚ in font bchr7t!
Missing character: There is no Ä in font bchr7t!
Missing character: There is no ú in font bchr7t!
Missing character: There is no ‚ in font bchr7t!
Missing character: There is no Ä in font bchr7t!
Missing character: There is no ù in font bchr7t!

Overfull \hbox (3.546pt too wide) in paragraph at lines 431--467
\OT1/bch/m/n/10 The Nao robot model is im-ple-mented in the rsg files un-der \O
T1/cmtt/m/n/10 rcssserver3d/data/rsg/agent/nao\OT1/bch/m/n/10 ,
 []

) (./resources.tex [44


]
Chapter 9.
) (./license.tex [45

] [46]
Appendix A.
) [47

] [48

] (./user-manual.bbl
Underfull \hbox (badness 10000) in paragraph at lines 12--18
[]\OT1/bch/m/n/10 Joschka Boedecker, Nor-bert Michael Mayer, Masaki Ogino, Ro-d
rigo
 []

Missing character: There is no ˝ in font bchr7t!
Missing character: There is no ñ in font bchri7t!
Missing character: There is no Ì in font bchri7t!
Missing character: There is no · in font bchr7t!
Missing character: There is no · in font bchr7t!
)
No file user-manual.ind.
Package atveryend Info: Empty hook `BeforeClearDocument' on input line 42.
[49

]
Package atveryend Info: Empty hook `AfterLastShipout' on input line 42.
 (./user-manual.aux)
Package atveryend Info: Executing hook `AtVeryEndDocument' on input line 42.
Package atveryend Info: Executing hook `AtEndAfterFileList' on input line 42.
Package rerunfilecheck Info: File `user-manual.out' has not changed.
(rerunfilecheck)             Checksum: 16FBD8263977A19CABE4A209686613B3;3469.


LaTeX Font Warning: Size substitutions with differences
(Font)              up to 1.02913pt have occurred.


LaTeX Font Warning: Some font shapes were not available, defaults substituted.


LaTeX Warning: There were undefined references.

Package atveryend Info: Empty hook `AtVeryVeryEnd' on input line 42.
 ) 
Here is how much of TeX's memory you used:
 10198 strings out of 495059
 148428 string characters out of 3182030
 614965 words of memory out of 3000000
 12872 multiletter control sequences out of 15000+200000
 32255 words of font info for 68 fonts, out of 3000000 for 9000
 14 hyphenation exceptions out of 8191
 40i,12n,57p,642b,1178s stack positions out of 5000i,500n,10000p,200000b,50000s
{/usr/share/texlive/texmf-dist/fonts/enc/dvips/base/8r.enc}</usr/share/texliv
e/texmf-dist/fonts/type1/bitstrea/charter/bchb8a.pfb></usr/share/texlive/texmf-
dist/fonts/type1/bitstrea/charter/bchr8a.pfb></usr/share/texlive/texmf-dist/fon
ts/type1/bitstrea/charter/bchri8a.pfb></usr/share/texlive/texmf-dist/fonts/type
1/public/amsfonts/cm/cmmi10.pfb></usr/share/texlive/texmf-dist/fonts/type1/publ
ic/amsfonts/cm/cmmi12.pfb></usr/share/texlive/texmf-dist/fonts/type1/public/ams
fonts/cm/cmmi7.pfb></usr/share/texlive/texmf-dist/fonts/type1/public/amsfonts/c
m/cmmi8.pfb></usr/share/texlive/texmf-dist/fonts/type1/public/amsfonts/cm/cmr10
.pfb></usr/share/texlive/texmf-dist/fonts/type1/public/amsfonts/cm/cmr12.pfb></
usr/share/texlive/texmf-dist/fonts/type1/public/amsfonts/cm/cmr7.pfb></usr/shar
e/texlive/texmf-dist/fonts/type1/public/amsfonts/cm/cmss10.pfb></usr/share/texl
ive/texmf-dist/fonts/type1/public/amsfonts/cm/cmss12.pfb></usr/share/texlive/te
xmf-dist/fonts/type1/public/amsfonts/cm/cmss17.pfb></usr/share/texlive/texmf-di
st/fonts/type1/public/amsfonts/cm/cmssi12.pfb></usr/share/texlive/texmf-dist/fo
nts/type1/public/amsfonts/cm/cmsy10.pfb></usr/share/texlive/texmf-dist/fonts/ty
pe1/public/amsfonts/cm/cmtt10.pfb></usr/share/texlive/texmf-dist/fonts/type1/pu
blic/amsfonts/cm/cmtt8.pfb></usr/share/texlive/texmf-dist/fonts/type1/urw/avant
gar/uagd8a.pfb>
Output written on user-manual.pdf (53 pages, 1879638 bytes).
PDF statistics:
 1033 PDF objects out of 1200 (max. 8388607)
 860 compressed objects within 9 object streams
 279 named destinations out of 1000 (max. 500000)
 543 words of extra memory for PDF output out of 10000 (max. 10000000)

